This is pdfTeX, Version 3.141592653-2.6-1.40.25 (TeX Live 2023) (preloaded format=pdflatex 2023.5.7)  19 MAY 2023 01:03
entering extended mode
 restricted \write18 enabled.
 %&-line parsing enabled.
**35_wirtsch.tex
(./35_wirtsch.tex
LaTeX2e <2022-11-01> patch level 1
L3 programming layer <2023-05-05>
! Undefined control sequence.
l.1 \chapter
            {–≠–∫–æ–Ω–æ–º–∏—á–µ—Å–∫–æ–µ –æ–±–æ—Å–Ω–æ–≤–∞–Ω–∏–µ —ç—Ñ—Ñ–µ–∫—Ç–...
The control sequence at the end of the top line
of your error message was never \def'ed. If you have
misspelled it (e.g., `\hobx'), type `I' and the correct
spelling (e.g., `I\hbox'). Otherwise just continue,
and I'll forget about whatever was undefined.


! LaTeX Error: Unicode character –≠ (U+042D)
               not set up for use with LaTeX.

See the LaTeX manual or LaTeX Companion for explanation.
Type  H <return>  for immediate help.
 ...                                              
                                                  
l.1 \chapter{–≠
               –∫–æ–Ω–æ–º–∏—á–µ—Å–∫–æ–µ –æ–±–æ—Å–Ω–æ–≤–∞–Ω–∏–µ —ç—Ñ—Ñ–µ–∫—Ç–...

You may provide a definition with
\DeclareUnicodeCharacter 


! LaTeX Error: Unicode character –∫ (U+043A)
               not set up for use with LaTeX.

See the LaTeX manual or LaTeX Companion for explanation.
Type  H <return>  for immediate help.
 ...                                              
                                                  
l.1 \chapter{–≠–∫
                 –æ–Ω–æ–º–∏—á–µ—Å–∫–æ–µ –æ–±–æ—Å–Ω–æ–≤–∞–Ω–∏–µ —ç—Ñ—Ñ–µ–∫—Ç–...

You may provide a definition with
\DeclareUnicodeCharacter 


! LaTeX Error: Unicode character –æ (U+043E)
               not set up for use with LaTeX.

See the LaTeX manual or LaTeX Companion for explanation.
Type  H <return>  for immediate help.
 ...                                              
                                                  
l.1 \chapter{–≠–∫–æ
                   –Ω–æ–º–∏—á–µ—Å–∫–æ–µ –æ–±–æ—Å–Ω–æ–≤–∞–Ω–∏–µ —ç—Ñ—Ñ–µ–∫—Ç–...

You may provide a definition with
\DeclareUnicodeCharacter 


! LaTeX Error: Unicode character –Ω (U+043D)
               not set up for use with LaTeX.

See the LaTeX manual or LaTeX Companion for explanation.
Type  H <return>  for immediate help.
 ...                                              
                                                  
l.1 \chapter{–≠–∫–æ–Ω
                     –æ–º–∏—á–µ—Å–∫–æ–µ –æ–±–æ—Å–Ω–æ–≤–∞–Ω–∏–µ —ç—Ñ—Ñ–µ–∫—Ç–...

You may provide a definition with
\DeclareUnicodeCharacter 


! LaTeX Error: Unicode character –æ (U+043E)
               not set up for use with LaTeX.

See the LaTeX manual or LaTeX Companion for explanation.
Type  H <return>  for immediate help.
 ...                                              
                                                  
l.1 \chapter{–≠–∫–æ–Ω–æ
                       –º–∏—á–µ—Å–∫–æ–µ –æ–±–æ—Å–Ω–æ–≤–∞–Ω–∏–µ —ç—Ñ—Ñ–µ–∫—Ç–...

You may provide a definition with
\DeclareUnicodeCharacter 


! LaTeX Error: Unicode character –º (U+043C)
               not set up for use with LaTeX.

See the LaTeX manual or LaTeX Companion for explanation.
Type  H <return>  for immediate help.
 ...                                              
                                                  
l.1 \chapter{–≠–∫–æ–Ω–æ–º
                         –∏—á–µ—Å–∫–æ–µ –æ–±–æ—Å–Ω–æ–≤–∞–Ω–∏–µ —ç—Ñ—Ñ–µ–∫—Ç–...

You may provide a definition with
\DeclareUnicodeCharacter 


! LaTeX Error: Unicode character –∏ (U+0438)
               not set up for use with LaTeX.

See the LaTeX manual or LaTeX Companion for explanation.
Type  H <return>  for immediate help.
 ...                                              
                                                  
l.1 \chapter{–≠–∫–æ–Ω–æ–º–∏
                           —á–µ—Å–∫–æ–µ –æ–±–æ—Å–Ω–æ–≤–∞–Ω–∏–µ —ç—Ñ—Ñ–µ–∫—Ç–...

You may provide a definition with
\DeclareUnicodeCharacter 


! LaTeX Error: Unicode character —á (U+0447)
               not set up for use with LaTeX.

See the LaTeX manual or LaTeX Companion for explanation.
Type  H <return>  for immediate help.
 ...                                              
                                                  
l.1 \chapter{–≠–∫–æ–Ω–æ–º–∏—á
                             –µ—Å–∫–æ–µ –æ–±–æ—Å–Ω–æ–≤–∞–Ω–∏–µ —ç—Ñ—Ñ–µ–∫—Ç–...

You may provide a definition with
\DeclareUnicodeCharacter 


! LaTeX Error: Unicode character –µ (U+0435)
               not set up for use with LaTeX.

See the LaTeX manual or LaTeX Companion for explanation.
Type  H <return>  for immediate help.
 ...                                              
                                                  
l.1 \chapter{–≠–∫–æ–Ω–æ–º–∏—á–µ
                               —Å–∫–æ–µ –æ–±–æ—Å–Ω–æ–≤–∞–Ω–∏–µ —ç—Ñ—Ñ–µ–∫—Ç–...

You may provide a definition with
\DeclareUnicodeCharacter 


! LaTeX Error: Unicode character —Å (U+0441)
               not set up for use with LaTeX.

See the LaTeX manual or LaTeX Companion for explanation.
Type  H <return>  for immediate help.
 ...                                              
                                                  
l.1 \chapter{–≠–∫–æ–Ω–æ–º–∏—á–µ—Å
                                 –∫–æ–µ –æ–±–æ—Å–Ω–æ–≤–∞–Ω–∏–µ —ç—Ñ—Ñ–µ–∫—Ç–...

You may provide a definition with
\DeclareUnicodeCharacter 


! LaTeX Error: Unicode character –∫ (U+043A)
               not set up for use with LaTeX.

See the LaTeX manual or LaTeX Companion for explanation.
Type  H <return>  for immediate help.
 ...                                              
                                                  
l.1 \chapter{–≠–∫–æ–Ω–æ–º–∏—á–µ—Å–∫
                                   –æ–µ –æ–±–æ—Å–Ω–æ–≤–∞–Ω–∏–µ —ç—Ñ—Ñ–µ–∫—Ç–...

You may provide a definition with
\DeclareUnicodeCharacter 


! LaTeX Error: Unicode character –æ (U+043E)
               not set up for use with LaTeX.

See the LaTeX manual or LaTeX Companion for explanation.
Type  H <return>  for immediate help.
 ...                                              
                                                  
l.1 \chapter{–≠–∫–æ–Ω–æ–º–∏—á–µ—Å–∫–æ
                                     –µ –æ–±–æ—Å–Ω–æ–≤–∞–Ω–∏–µ —ç—Ñ—Ñ–µ–∫—Ç–...

You may provide a definition with
\DeclareUnicodeCharacter 


! LaTeX Error: Unicode character –µ (U+0435)
               not set up for use with LaTeX.

See the LaTeX manual or LaTeX Companion for explanation.
Type  H <return>  for immediate help.
 ...                                              
                                                  
l.1 \chapter{–≠–∫–æ–Ω–æ–º–∏—á–µ—Å–∫–æ–µ
                                        –æ–±–æ—Å–Ω–æ–≤–∞–Ω–∏–µ —ç—Ñ—Ñ–µ–∫—Ç–...

You may provide a definition with
\DeclareUnicodeCharacter 


! LaTeX Error: Unicode character –æ (U+043E)
               not set up for use with LaTeX.

See the LaTeX manual or LaTeX Companion for explanation.
Type  H <return>  for immediate help.
 ...                                              
                                                  
l.1 \chapter{–≠–∫–æ–Ω–æ–º–∏—á–µ—Å–∫–æ–µ –æ
                                          –±–æ—Å–Ω–æ–≤–∞–Ω–∏–µ —ç—Ñ—Ñ–µ–∫—Ç–...

You may provide a definition with
\DeclareUnicodeCharacter 


! LaTeX Error: Unicode character –± (U+0431)
               not set up for use with LaTeX.

See the LaTeX manual or LaTeX Companion for explanation.
Type  H <return>  for immediate help.
 ...                                              
                                                  
l.1 \chapter{–≠–∫–æ–Ω–æ–º–∏—á–µ—Å–∫–æ–µ –æ–±
                                            –æ—Å–Ω–æ–≤–∞–Ω–∏–µ —ç—Ñ—Ñ–µ–∫—Ç–...

You may provide a definition with
\DeclareUnicodeCharacter 


! LaTeX Error: Unicode character –æ (U+043E)
               not set up for use with LaTeX.

See the LaTeX manual or LaTeX Companion for explanation.
Type  H <return>  for immediate help.
 ...                                              
                                                  
l.1 \chapter{–≠–∫–æ–Ω–æ–º–∏—á–µ—Å–∫–æ–µ –æ–±–æ
                                              —Å–Ω–æ–≤–∞–Ω–∏–µ —ç—Ñ—Ñ–µ–∫—Ç–...

You may provide a definition with
\DeclareUnicodeCharacter 


! LaTeX Error: Unicode character —Å (U+0441)
               not set up for use with LaTeX.

See the LaTeX manual or LaTeX Companion for explanation.
Type  H <return>  for immediate help.
 ...                                              
                                                  
l.1 \chapter{–≠–∫–æ–Ω–æ–º–∏—á–µ—Å–∫–æ–µ –æ–±–æ—Å
                                                –Ω–æ–≤–∞–Ω–∏–µ —ç—Ñ—Ñ–µ–∫—Ç–...

You may provide a definition with
\DeclareUnicodeCharacter 


! LaTeX Error: Unicode character –Ω (U+043D)
               not set up for use with LaTeX.

See the LaTeX manual or LaTeX Companion for explanation.
Type  H <return>  for immediate help.
 ...                                              
                                                  
l.1 \chapter{–≠–∫–æ–Ω–æ–º–∏—á–µ—Å–∫–æ–µ –æ–±–æ—Å–Ω
                                                  –æ–≤–∞–Ω–∏–µ —ç—Ñ—Ñ–µ–∫—Ç–...

You may provide a definition with
\DeclareUnicodeCharacter 


! LaTeX Error: Unicode character –æ (U+043E)
               not set up for use with LaTeX.

See the LaTeX manual or LaTeX Companion for explanation.
Type  H <return>  for immediate help.
 ...                                              
                                                  
l.1 ...ter{–≠–∫–æ–Ω–æ–º–∏—á–µ—Å–∫–æ–µ –æ–±–æ—Å–Ω–æ
                                                  –≤–∞–Ω–∏–µ —ç—Ñ—Ñ–µ–∫—Ç–∏–...

You may provide a definition with
\DeclareUnicodeCharacter 


! LaTeX Error: Unicode character –≤ (U+0432)
               not set up for use with LaTeX.

See the LaTeX manual or LaTeX Companion for explanation.
Type  H <return>  for immediate help.
 ...                                              
                                                  
l.1 ...r{–≠–∫–æ–Ω–æ–º–∏—á–µ—Å–∫–æ–µ –æ–±–æ—Å–Ω–æ–≤
                                                  –∞–Ω–∏–µ —ç—Ñ—Ñ–µ–∫—Ç–∏–≤–...

You may provide a definition with
\DeclareUnicodeCharacter 


! LaTeX Error: Unicode character –∞ (U+0430)
               not set up for use with LaTeX.

See the LaTeX manual or LaTeX Companion for explanation.
Type  H <return>  for immediate help.
 ...                                              
                                                  
l.1 ...–≠–∫–æ–Ω–æ–º–∏—á–µ—Å–∫–æ–µ –æ–±–æ—Å–Ω–æ–≤–∞
                                                  –Ω–∏–µ —ç—Ñ—Ñ–µ–∫—Ç–∏–≤–Ω–...

You may provide a definition with
\DeclareUnicodeCharacter 


! LaTeX Error: Unicode character –Ω (U+043D)
               not set up for use with LaTeX.

See the LaTeX manual or LaTeX Companion for explanation.
Type  H <return>  for immediate help.
 ...                                              
                                                  
l.1 ...–∫–æ–Ω–æ–º–∏—á–µ—Å–∫–æ–µ –æ–±–æ—Å–Ω–æ–≤–∞–Ω
                                                  –∏–µ —ç—Ñ—Ñ–µ–∫—Ç–∏–≤–Ω–æ—...

You may provide a definition with
\DeclareUnicodeCharacter 


! LaTeX Error: Unicode character –∏ (U+0438)
               not set up for use with LaTeX.

See the LaTeX manual or LaTeX Companion for explanation.
Type  H <return>  for immediate help.
 ...                                              
                                                  
l.1 ...–æ–Ω–æ–º–∏—á–µ—Å–∫–æ–µ –æ–±–æ—Å–Ω–æ–≤–∞–Ω–∏
                                                  –µ —ç—Ñ—Ñ–µ–∫—Ç–∏–≤–Ω–æ—Å—...

You may provide a definition with
\DeclareUnicodeCharacter 


! LaTeX Error: Unicode character –µ (U+0435)
               not set up for use with LaTeX.

See the LaTeX manual or LaTeX Companion for explanation.
Type  H <return>  for immediate help.
 ...                                              
                                                  
l.1 ...–Ω–æ–º–∏—á–µ—Å–∫–æ–µ –æ–±–æ—Å–Ω–æ–≤–∞–Ω–∏–µ
                                                   —ç—Ñ—Ñ–µ–∫—Ç–∏–≤–Ω–æ—Å—Ç–...

You may provide a definition with
\DeclareUnicodeCharacter 


! LaTeX Error: Unicode character —ç (U+044D)
               not set up for use with LaTeX.

See the LaTeX manual or LaTeX Companion for explanation.
Type  H <return>  for immediate help.
 ...                                              
                                                  
l.1 ...æ–º–∏—á–µ—Å–∫–æ–µ –æ–±–æ—Å–Ω–æ–≤–∞–Ω–∏–µ —ç
                                                  —Ñ—Ñ–µ–∫—Ç–∏–≤–Ω–æ—Å—Ç–∏ –...

You may provide a definition with
\DeclareUnicodeCharacter 


! LaTeX Error: Unicode character —Ñ (U+0444)
               not set up for use with LaTeX.

See the LaTeX manual or LaTeX Companion for explanation.
Type  H <return>  for immediate help.
 ...                                              
                                                  
l.1 ...º–∏—á–µ—Å–∫–æ–µ –æ–±–æ—Å–Ω–æ–≤–∞–Ω–∏–µ —ç—Ñ
                                                  —Ñ–µ–∫—Ç–∏–≤–Ω–æ—Å—Ç–∏ –ø—...

You may provide a definition with
\DeclareUnicodeCharacter 


! LaTeX Error: Unicode character —Ñ (U+0444)
               not set up for use with LaTeX.

See the LaTeX manual or LaTeX Companion for explanation.
Type  H <return>  for immediate help.
 ...                                              
                                                  
l.1 ...∏—á–µ—Å–∫–æ–µ –æ–±–æ—Å–Ω–æ–≤–∞–Ω–∏–µ —ç—Ñ—Ñ
                                                  –µ–∫—Ç–∏–≤–Ω–æ—Å—Ç–∏ –ø—Ä–...

You may provide a definition with
\DeclareUnicodeCharacter 


! LaTeX Error: Unicode character –µ (U+0435)
               not set up for use with LaTeX.

See the LaTeX manual or LaTeX Companion for explanation.
Type  H <return>  for immediate help.
 ...                                              
                                                  
l.1 ...á–µ—Å–∫–æ–µ –æ–±–æ—Å–Ω–æ–≤–∞–Ω–∏–µ —ç—Ñ—Ñ–µ
                                                  –∫—Ç–∏–≤–Ω–æ—Å—Ç–∏ –ø—Ä–æ–...

You may provide a definition with
\DeclareUnicodeCharacter 


! LaTeX Error: Unicode character –∫ (U+043A)
               not set up for use with LaTeX.

See the LaTeX manual or LaTeX Companion for explanation.
Type  H <return>  for immediate help.
 ...                                              
                                                  
l.1 ...µ—Å–∫–æ–µ –æ–±–æ—Å–Ω–æ–≤–∞–Ω–∏–µ —ç—Ñ—Ñ–µ–∫
                                                  —Ç–∏–≤–Ω–æ—Å—Ç–∏ –ø—Ä–æ–µ–...

You may provide a definition with
\DeclareUnicodeCharacter 


! LaTeX Error: Unicode character —Ç (U+0442)
               not set up for use with LaTeX.

See the LaTeX manual or LaTeX Companion for explanation.
Type  H <return>  for immediate help.
 ...                                              
                                                  
l.1 ...Å–∫–æ–µ –æ–±–æ—Å–Ω–æ–≤–∞–Ω–∏–µ —ç—Ñ—Ñ–µ–∫—Ç
                                                  –∏–≤–Ω–æ—Å—Ç–∏ –ø—Ä–æ–µ–∫—...

You may provide a definition with
\DeclareUnicodeCharacter 


! LaTeX Error: Unicode character –∏ (U+0438)
               not set up for use with LaTeX.

See the LaTeX manual or LaTeX Companion for explanation.
Type  H <return>  for immediate help.
 ...                                              
                                                  
l.1 ...∫–æ–µ –æ–±–æ—Å–Ω–æ–≤–∞–Ω–∏–µ —ç—Ñ—Ñ–µ–∫—Ç–∏
                                                  –≤–Ω–æ—Å—Ç–∏ –ø—Ä–æ–µ–∫—Ç–∞}
You may provide a definition with
\DeclareUnicodeCharacter 


! LaTeX Error: Unicode character –≤ (U+0432)
               not set up for use with LaTeX.

See the LaTeX manual or LaTeX Companion for explanation.
Type  H <return>  for immediate help.
 ...                                              
                                                  
l.1 ...æ–µ –æ–±–æ—Å–Ω–æ–≤–∞–Ω–∏–µ —ç—Ñ—Ñ–µ–∫—Ç–∏–≤
                                                  –Ω–æ—Å—Ç–∏ –ø—Ä–æ–µ–∫—Ç–∞}
You may provide a definition with
\DeclareUnicodeCharacter 


! LaTeX Error: Unicode character –Ω (U+043D)
               not set up for use with LaTeX.

See the LaTeX manual or LaTeX Companion for explanation.
Type  H <return>  for immediate help.
 ...                                              
                                                  
l.1 ...µ –æ–±–æ—Å–Ω–æ–≤–∞–Ω–∏–µ —ç—Ñ—Ñ–µ–∫—Ç–∏–≤–Ω
                                                  –æ—Å—Ç–∏ –ø—Ä–æ–µ–∫—Ç–∞}
You may provide a definition with
\DeclareUnicodeCharacter 


! LaTeX Error: Unicode character –æ (U+043E)
               not set up for use with LaTeX.

See the LaTeX manual or LaTeX Companion for explanation.
Type  H <return>  for immediate help.
 ...                                              
                                                  
l.1 ...–æ–±–æ—Å–Ω–æ–≤–∞–Ω–∏–µ —ç—Ñ—Ñ–µ–∫—Ç–∏–≤–Ω–æ
                                                  —Å—Ç–∏ –ø—Ä–æ–µ–∫—Ç–∞}
You may provide a definition with
\DeclareUnicodeCharacter 


! LaTeX Error: Unicode character —Å (U+0441)
               not set up for use with LaTeX.

See the LaTeX manual or LaTeX Companion for explanation.
Type  H <return>  for immediate help.
 ...                                              
                                                  
l.1 ...–±–æ—Å–Ω–æ–≤–∞–Ω–∏–µ —ç—Ñ—Ñ–µ–∫—Ç–∏–≤–Ω–æ—Å
                                                  —Ç–∏ –ø—Ä–æ–µ–∫—Ç–∞}
You may provide a definition with
\DeclareUnicodeCharacter 


! LaTeX Error: Unicode character —Ç (U+0442)
               not set up for use with LaTeX.

See the LaTeX manual or LaTeX Companion for explanation.
Type  H <return>  for immediate help.
 ...                                              
                                                  
l.1 ...–æ—Å–Ω–æ–≤–∞–Ω–∏–µ —ç—Ñ—Ñ–µ–∫—Ç–∏–≤–Ω–æ—Å—Ç
                                                  –∏ –ø—Ä–æ–µ–∫—Ç–∞}
You may provide a definition with
\DeclareUnicodeCharacter 


! LaTeX Error: Unicode character –∏ (U+0438)
               not set up for use with LaTeX.

See the LaTeX manual or LaTeX Companion for explanation.
Type  H <return>  for immediate help.
 ...                                              
                                                  
l.1 ...—Å–Ω–æ–≤–∞–Ω–∏–µ —ç—Ñ—Ñ–µ–∫—Ç–∏–≤–Ω–æ—Å—Ç–∏
                                                   –ø—Ä–æ–µ–∫—Ç–∞}
You may provide a definition with
\DeclareUnicodeCharacter 


! LaTeX Error: Unicode character –ø (U+043F)
               not set up for use with LaTeX.

See the LaTeX manual or LaTeX Companion for explanation.
Type  H <return>  for immediate help.
 ...                                              
                                                  
l.1 ...Ω–æ–≤–∞–Ω–∏–µ —ç—Ñ—Ñ–µ–∫—Ç–∏–≤–Ω–æ—Å—Ç–∏ –ø
                                                  —Ä–æ–µ–∫—Ç–∞}
You may provide a definition with
\DeclareUnicodeCharacter 


! LaTeX Error: Unicode character —Ä (U+0440)
               not set up for use with LaTeX.

See the LaTeX manual or LaTeX Companion for explanation.
Type  H <return>  for immediate help.
 ...                                              
                                                  
l.1 ...æ–≤–∞–Ω–∏–µ —ç—Ñ—Ñ–µ–∫—Ç–∏–≤–Ω–æ—Å—Ç–∏ –ø—Ä
                                                  –æ–µ–∫—Ç–∞}
You may provide a definition with
\DeclareUnicodeCharacter 


! LaTeX Error: Unicode character –æ (U+043E)
               not set up for use with LaTeX.

See the LaTeX manual or LaTeX Companion for explanation.
Type  H <return>  for immediate help.
 ...                                              
                                                  
l.1 ...≤–∞–Ω–∏–µ —ç—Ñ—Ñ–µ–∫—Ç–∏–≤–Ω–æ—Å—Ç–∏ –ø—Ä–æ
                                                  –µ–∫—Ç–∞}
You may provide a definition with
\DeclareUnicodeCharacter 


! LaTeX Error: Unicode character –µ (U+0435)
               not set up for use with LaTeX.

See the LaTeX manual or LaTeX Companion for explanation.
Type  H <return>  for immediate help.
 ...                                              
                                                  
l.1 ...∞–Ω–∏–µ —ç—Ñ—Ñ–µ–∫—Ç–∏–≤–Ω–æ—Å—Ç–∏ –ø—Ä–æ–µ
                                                  –∫—Ç–∞}
You may provide a definition with
\DeclareUnicodeCharacter 


! LaTeX Error: Unicode character –∫ (U+043A)
               not set up for use with LaTeX.

See the LaTeX manual or LaTeX Companion for explanation.
Type  H <return>  for immediate help.
 ...                                              
                                                  
l.1 ...Ω–∏–µ —ç—Ñ—Ñ–µ–∫—Ç–∏–≤–Ω–æ—Å—Ç–∏ –ø—Ä–æ–µ–∫
                                                  —Ç–∞}
You may provide a definition with
\DeclareUnicodeCharacter 


! LaTeX Error: Unicode character —Ç (U+0442)
               not set up for use with LaTeX.

See the LaTeX manual or LaTeX Companion for explanation.
Type  H <return>  for immediate help.
 ...                                              
                                                  
l.1 ...∏–µ —ç—Ñ—Ñ–µ–∫—Ç–∏–≤–Ω–æ—Å—Ç–∏ –ø—Ä–æ–µ–∫—Ç
                                                  –∞}
You may provide a definition with
\DeclareUnicodeCharacter 


! LaTeX Error: Unicode character –∞ (U+0430)
               not set up for use with LaTeX.

See the LaTeX manual or LaTeX Companion for explanation.
Type  H <return>  for immediate help.
 ...                                              
                                                  
l.1 ...µ —ç—Ñ—Ñ–µ–∫—Ç–∏–≤–Ω–æ—Å—Ç–∏ –ø—Ä–æ–µ–∫—Ç–∞
                                                  }
You may provide a definition with
\DeclareUnicodeCharacter 


! LaTeX Error: Unicode character –í (U+0412)
               not set up for use with LaTeX.

See the LaTeX manual or LaTeX Companion for explanation.
Type  H <return>  for immediate help.
 ...                                              
                                                  
l.4 –í
       –¥–∞–Ω–Ω–æ–º —Ä–∞–∑–¥–µ–ª–µ –æ–ø–∏—Å–∞–Ω—ã —ç–∫–æ–Ω–æ–º–∏—á–µ—Å–∫–∏–µ...

You may provide a definition with
\DeclareUnicodeCharacter 


! LaTeX Error: Unicode character –¥ (U+0434)
               not set up for use with LaTeX.

See the LaTeX manual or LaTeX Companion for explanation.
Type  H <return>  for immediate help.
 ...                                              
                                                  
l.4 –í –¥
         –∞–Ω–Ω–æ–º —Ä–∞–∑–¥–µ–ª–µ –æ–ø–∏—Å–∞–Ω—ã —ç–∫–æ–Ω–æ–º–∏—á–µ—Å–∫–∏–µ...

You may provide a definition with
\DeclareUnicodeCharacter 


! LaTeX Error: Unicode character –∞ (U+0430)
               not set up for use with LaTeX.

See the LaTeX manual or LaTeX Companion for explanation.
Type  H <return>  for immediate help.
 ...                                              
                                                  
l.4 –í –¥–∞
           –Ω–Ω–æ–º —Ä–∞–∑–¥–µ–ª–µ –æ–ø–∏—Å–∞–Ω—ã —ç–∫–æ–Ω–æ–º–∏—á–µ—Å–∫–∏–µ...

You may provide a definition with
\DeclareUnicodeCharacter 


! LaTeX Error: Unicode character –Ω (U+043D)
               not set up for use with LaTeX.

See the LaTeX manual or LaTeX Companion for explanation.
Type  H <return>  for immediate help.
 ...                                              
                                                  
l.4 –í –¥–∞–Ω
             –Ω–æ–º —Ä–∞–∑–¥–µ–ª–µ –æ–ø–∏—Å–∞–Ω—ã —ç–∫–æ–Ω–æ–º–∏—á–µ—Å–∫–∏–µ...

You may provide a definition with
\DeclareUnicodeCharacter 


! LaTeX Error: Unicode character –Ω (U+043D)
               not set up for use with LaTeX.

See the LaTeX manual or LaTeX Companion for explanation.
Type  H <return>  for immediate help.
 ...                                              
                                                  
l.4 –í –¥–∞–Ω–Ω
               –æ–º —Ä–∞–∑–¥–µ–ª–µ –æ–ø–∏—Å–∞–Ω—ã —ç–∫–æ–Ω–æ–º–∏—á–µ—Å–∫–∏–µ...

You may provide a definition with
\DeclareUnicodeCharacter 


! LaTeX Error: Unicode character –æ (U+043E)
               not set up for use with LaTeX.

See the LaTeX manual or LaTeX Companion for explanation.
Type  H <return>  for immediate help.
 ...                                              
                                                  
l.4 –í –¥–∞–Ω–Ω–æ
                 –º —Ä–∞–∑–¥–µ–ª–µ –æ–ø–∏—Å–∞–Ω—ã —ç–∫–æ–Ω–æ–º–∏—á–µ—Å–∫–∏–µ...

You may provide a definition with
\DeclareUnicodeCharacter 


! LaTeX Error: Unicode character –º (U+043C)
               not set up for use with LaTeX.

See the LaTeX manual or LaTeX Companion for explanation.
Type  H <return>  for immediate help.
 ...                                              
                                                  
l.4 –í –¥–∞–Ω–Ω–æ–º
                    —Ä–∞–∑–¥–µ–ª–µ –æ–ø–∏—Å–∞–Ω—ã —ç–∫–æ–Ω–æ–º–∏—á–µ—Å–∫–∏–µ...

You may provide a definition with
\DeclareUnicodeCharacter 


! LaTeX Error: Unicode character —Ä (U+0440)
               not set up for use with LaTeX.

See the LaTeX manual or LaTeX Companion for explanation.
Type  H <return>  for immediate help.
 ...                                              
                                                  
l.4 –í –¥–∞–Ω–Ω–æ–º —Ä
                      –∞–∑–¥–µ–ª–µ –æ–ø–∏—Å–∞–Ω—ã —ç–∫–æ–Ω–æ–º–∏—á–µ—Å–∫–∏–µ...

You may provide a definition with
\DeclareUnicodeCharacter 


! LaTeX Error: Unicode character –∞ (U+0430)
               not set up for use with LaTeX.

See the LaTeX manual or LaTeX Companion for explanation.
Type  H <return>  for immediate help.
 ...                                              
                                                  
l.4 –í –¥–∞–Ω–Ω–æ–º —Ä–∞
                        –∑–¥–µ–ª–µ –æ–ø–∏—Å–∞–Ω—ã —ç–∫–æ–Ω–æ–º–∏—á–µ—Å–∫–∏–µ...

You may provide a definition with
\DeclareUnicodeCharacter 


! LaTeX Error: Unicode character –∑ (U+0437)
               not set up for use with LaTeX.

See the LaTeX manual or LaTeX Companion for explanation.
Type  H <return>  for immediate help.
 ...                                              
                                                  
l.4 –í –¥–∞–Ω–Ω–æ–º —Ä–∞–∑
                          –¥–µ–ª–µ –æ–ø–∏—Å–∞–Ω—ã —ç–∫–æ–Ω–æ–º–∏—á–µ—Å–∫–∏–µ...

You may provide a definition with
\DeclareUnicodeCharacter 


! LaTeX Error: Unicode character –¥ (U+0434)
               not set up for use with LaTeX.

See the LaTeX manual or LaTeX Companion for explanation.
Type  H <return>  for immediate help.
 ...                                              
                                                  
l.4 –í –¥–∞–Ω–Ω–æ–º —Ä–∞–∑–¥
                            –µ–ª–µ –æ–ø–∏—Å–∞–Ω—ã —ç–∫–æ–Ω–æ–º–∏—á–µ—Å–∫–∏–µ...

You may provide a definition with
\DeclareUnicodeCharacter 


! LaTeX Error: Unicode character –µ (U+0435)
               not set up for use with LaTeX.

See the LaTeX manual or LaTeX Companion for explanation.
Type  H <return>  for immediate help.
 ...                                              
                                                  
l.4 –í –¥–∞–Ω–Ω–æ–º —Ä–∞–∑–¥–µ
                              –ª–µ –æ–ø–∏—Å–∞–Ω—ã —ç–∫–æ–Ω–æ–º–∏—á–µ—Å–∫–∏–µ...

You may provide a definition with
\DeclareUnicodeCharacter 


! LaTeX Error: Unicode character –ª (U+043B)
               not set up for use with LaTeX.

See the LaTeX manual or LaTeX Companion for explanation.
Type  H <return>  for immediate help.
 ...                                              
                                                  
l.4 –í –¥–∞–Ω–Ω–æ–º —Ä–∞–∑–¥–µ–ª
                                –µ –æ–ø–∏—Å–∞–Ω—ã —ç–∫–æ–Ω–æ–º–∏—á–µ—Å–∫–∏–µ...

You may provide a definition with
\DeclareUnicodeCharacter 


! LaTeX Error: Unicode character –µ (U+0435)
               not set up for use with LaTeX.

See the LaTeX manual or LaTeX Companion for explanation.
Type  H <return>  for immediate help.
 ...                                              
                                                  
l.4 –í –¥–∞–Ω–Ω–æ–º —Ä–∞–∑–¥–µ–ª–µ
                                   –æ–ø–∏—Å–∞–Ω—ã —ç–∫–æ–Ω–æ–º–∏—á–µ—Å–∫–∏–µ...

You may provide a definition with
\DeclareUnicodeCharacter 


! LaTeX Error: Unicode character –æ (U+043E)
               not set up for use with LaTeX.

See the LaTeX manual or LaTeX Companion for explanation.
Type  H <return>  for immediate help.
 ...                                              
                                                  
l.4 –í –¥–∞–Ω–Ω–æ–º —Ä–∞–∑–¥–µ–ª–µ –æ
                                     –ø–∏—Å–∞–Ω—ã —ç–∫–æ–Ω–æ–º–∏—á–µ—Å–∫–∏–µ...

You may provide a definition with
\DeclareUnicodeCharacter 


! LaTeX Error: Unicode character –ø (U+043F)
               not set up for use with LaTeX.

See the LaTeX manual or LaTeX Companion for explanation.
Type  H <return>  for immediate help.
 ...                                              
                                                  
l.4 –í –¥–∞–Ω–Ω–æ–º —Ä–∞–∑–¥–µ–ª–µ –æ–ø
                                       –∏—Å–∞–Ω—ã —ç–∫–æ–Ω–æ–º–∏—á–µ—Å–∫–∏–µ...

You may provide a definition with
\DeclareUnicodeCharacter 


! LaTeX Error: Unicode character –∏ (U+0438)
               not set up for use with LaTeX.

See the LaTeX manual or LaTeX Companion for explanation.
Type  H <return>  for immediate help.
 ...                                              
                                                  
l.4 –í –¥–∞–Ω–Ω–æ–º —Ä–∞–∑–¥–µ–ª–µ –æ–ø–∏
                                         —Å–∞–Ω—ã —ç–∫–æ–Ω–æ–º–∏—á–µ—Å–∫–∏–µ...

You may provide a definition with
\DeclareUnicodeCharacter 


! LaTeX Error: Unicode character —Å (U+0441)
               not set up for use with LaTeX.

See the LaTeX manual or LaTeX Companion for explanation.
Type  H <return>  for immediate help.
 ...                                              
                                                  
l.4 –í –¥–∞–Ω–Ω–æ–º —Ä–∞–∑–¥–µ–ª–µ –æ–ø–∏—Å
                                           –∞–Ω—ã —ç–∫–æ–Ω–æ–º–∏—á–µ—Å–∫–∏–µ...

You may provide a definition with
\DeclareUnicodeCharacter 


! LaTeX Error: Unicode character –∞ (U+0430)
               not set up for use with LaTeX.

See the LaTeX manual or LaTeX Companion for explanation.
Type  H <return>  for immediate help.
 ...                                              
                                                  
l.4 –í –¥–∞–Ω–Ω–æ–º —Ä–∞–∑–¥–µ–ª–µ –æ–ø–∏—Å–∞
                                             –Ω—ã —ç–∫–æ–Ω–æ–º–∏—á–µ—Å–∫–∏–µ...

You may provide a definition with
\DeclareUnicodeCharacter 


! LaTeX Error: Unicode character –Ω (U+043D)
               not set up for use with LaTeX.

See the LaTeX manual or LaTeX Companion for explanation.
Type  H <return>  for immediate help.
 ...                                              
                                                  
l.4 –í –¥–∞–Ω–Ω–æ–º —Ä–∞–∑–¥–µ–ª–µ –æ–ø–∏—Å–∞–Ω
                                               —ã —ç–∫–æ–Ω–æ–º–∏—á–µ—Å–∫–∏–µ...

You may provide a definition with
\DeclareUnicodeCharacter 


! LaTeX Error: Unicode character —ã (U+044B)
               not set up for use with LaTeX.

See the LaTeX manual or LaTeX Companion for explanation.
Type  H <return>  for immediate help.
 ...                                              
                                                  
l.4 –í –¥–∞–Ω–Ω–æ–º —Ä–∞–∑–¥–µ–ª–µ –æ–ø–∏—Å–∞–Ω—ã
                                                  —ç–∫–æ–Ω–æ–º–∏—á–µ—Å–∫–∏–µ...

You may provide a definition with
\DeclareUnicodeCharacter 


! LaTeX Error: Unicode character —ç (U+044D)
               not set up for use with LaTeX.

See the LaTeX manual or LaTeX Companion for explanation.
Type  H <return>  for immediate help.
 ...                                              
                                                  
l.4 ...–∞–Ω–Ω–æ–º —Ä–∞–∑–¥–µ–ª–µ –æ–ø–∏—Å–∞–Ω—ã —ç
                                                  –∫–æ–Ω–æ–º–∏—á–µ—Å–∫–∏–µ –...

You may provide a definition with
\DeclareUnicodeCharacter 


! LaTeX Error: Unicode character –∫ (U+043A)
               not set up for use with LaTeX.

See the LaTeX manual or LaTeX Companion for explanation.
Type  H <return>  for immediate help.
 ...                                              
                                                  
l.4 ...–Ω–Ω–æ–º —Ä–∞–∑–¥–µ–ª–µ –æ–ø–∏—Å–∞–Ω—ã —ç–∫
                                                  –æ–Ω–æ–º–∏—á–µ—Å–∫–∏–µ –∞—...

You may provide a definition with
\DeclareUnicodeCharacter 


! LaTeX Error: Unicode character –æ (U+043E)
               not set up for use with LaTeX.

See the LaTeX manual or LaTeX Companion for explanation.
Type  H <return>  for immediate help.
 ...                                              
                                                  
l.4 ...–Ω–æ–º —Ä–∞–∑–¥–µ–ª–µ –æ–ø–∏—Å–∞–Ω—ã —ç–∫–æ
                                                  –Ω–æ–º–∏—á–µ—Å–∫–∏–µ –∞—Å–...

You may provide a definition with
\DeclareUnicodeCharacter 


! LaTeX Error: Unicode character –Ω (U+043D)
               not set up for use with LaTeX.

See the LaTeX manual or LaTeX Companion for explanation.
Type  H <return>  for immediate help.
 ...                                              
                                                  
l.4 ...–æ–º —Ä–∞–∑–¥–µ–ª–µ –æ–ø–∏—Å–∞–Ω—ã —ç–∫–æ–Ω
                                                  –æ–º–∏—á–µ—Å–∫–∏–µ –∞—Å–ø–...

You may provide a definition with
\DeclareUnicodeCharacter 


! LaTeX Error: Unicode character –æ (U+043E)
               not set up for use with LaTeX.

See the LaTeX manual or LaTeX Companion for explanation.
Type  H <return>  for immediate help.
 ...                                              
                                                  
l.4 ...–º —Ä–∞–∑–¥–µ–ª–µ –æ–ø–∏—Å–∞–Ω—ã —ç–∫–æ–Ω–æ
                                                  –º–∏—á–µ—Å–∫–∏–µ –∞—Å–ø–µ–...

You may provide a definition with
\DeclareUnicodeCharacter 


! LaTeX Error: Unicode character –º (U+043C)
               not set up for use with LaTeX.

See the LaTeX manual or LaTeX Companion for explanation.
Type  H <return>  for immediate help.
 ...                                              
                                                  
l.4 ... —Ä–∞–∑–¥–µ–ª–µ –æ–ø–∏—Å–∞–Ω—ã —ç–∫–æ–Ω–æ–º
                                                  –∏—á–µ—Å–∫–∏–µ –∞—Å–ø–µ–∫—...

You may provide a definition with
\DeclareUnicodeCharacter 


! LaTeX Error: Unicode character –∏ (U+0438)
               not set up for use with LaTeX.

See the LaTeX manual or LaTeX Companion for explanation.
Type  H <return>  for immediate help.
 ...                                              
                                                  
l.4 ...Ä–∞–∑–¥–µ–ª–µ –æ–ø–∏—Å–∞–Ω—ã —ç–∫–æ–Ω–æ–º–∏
                                                  —á–µ—Å–∫–∏–µ –∞—Å–ø–µ–∫—Ç—...

You may provide a definition with
\DeclareUnicodeCharacter 


! LaTeX Error: Unicode character —á (U+0447)
               not set up for use with LaTeX.

See the LaTeX manual or LaTeX Companion for explanation.
Type  H <return>  for immediate help.
 ...                                              
                                                  
l.4 ...∞–∑–¥–µ–ª–µ –æ–ø–∏—Å–∞–Ω—ã —ç–∫–æ–Ω–æ–º–∏—á
                                                  –µ—Å–∫–∏–µ –∞—Å–ø–µ–∫—Ç—ã ...

You may provide a definition with
\DeclareUnicodeCharacter 


! LaTeX Error: Unicode character –µ (U+0435)
               not set up for use with LaTeX.

See the LaTeX manual or LaTeX Companion for explanation.
Type  H <return>  for immediate help.
 ...                                              
                                                  
l.4 ...∑–¥–µ–ª–µ –æ–ø–∏—Å–∞–Ω—ã —ç–∫–æ–Ω–æ–º–∏—á–µ
                                                  —Å–∫–∏–µ –∞—Å–ø–µ–∫—Ç—ã –ø...

You may provide a definition with
\DeclareUnicodeCharacter 


! LaTeX Error: Unicode character —Å (U+0441)
               not set up for use with LaTeX.

See the LaTeX manual or LaTeX Companion for explanation.
Type  H <return>  for immediate help.
 ...                                              
                                                  
l.4 ...¥–µ–ª–µ –æ–ø–∏—Å–∞–Ω—ã —ç–∫–æ–Ω–æ–º–∏—á–µ—Å
                                                  –∫–∏–µ –∞—Å–ø–µ–∫—Ç—ã –ø—Ä...

You may provide a definition with
\DeclareUnicodeCharacter 


! LaTeX Error: Unicode character –∫ (U+043A)
               not set up for use with LaTeX.

See the LaTeX manual or LaTeX Companion for explanation.
Type  H <return>  for immediate help.
 ...                                              
                                                  
l.4 ...µ–ª–µ –æ–ø–∏—Å–∞–Ω—ã —ç–∫–æ–Ω–æ–º–∏—á–µ—Å–∫
                                                  –∏–µ –∞—Å–ø–µ–∫—Ç—ã –ø—Ä–æ...

You may provide a definition with
\DeclareUnicodeCharacter 


! LaTeX Error: Unicode character –∏ (U+0438)
               not set up for use with LaTeX.

See the LaTeX manual or LaTeX Companion for explanation.
Type  H <return>  for immediate help.
 ...                                              
                                                  
l.4 ...ª–µ –æ–ø–∏—Å–∞–Ω—ã —ç–∫–æ–Ω–æ–º–∏—á–µ—Å–∫–∏
                                                  –µ –∞—Å–ø–µ–∫—Ç—ã –ø—Ä–æ–µ...

You may provide a definition with
\DeclareUnicodeCharacter 


! LaTeX Error: Unicode character –µ (U+0435)
               not set up for use with LaTeX.

See the LaTeX manual or LaTeX Companion for explanation.
Type  H <return>  for immediate help.
 ...                                              
                                                  
l.4 ...µ –æ–ø–∏—Å–∞–Ω—ã —ç–∫–æ–Ω–æ–º–∏—á–µ—Å–∫–∏–µ
                                                   –∞—Å–ø–µ–∫—Ç—ã –ø—Ä–æ–µ–∫...

You may provide a definition with
\DeclareUnicodeCharacter 


! LaTeX Error: Unicode character –∞ (U+0430)
               not set up for use with LaTeX.

See the LaTeX manual or LaTeX Companion for explanation.
Type  H <return>  for immediate help.
 ...                                              
                                                  
l.4 ...æ–ø–∏—Å–∞–Ω—ã —ç–∫–æ–Ω–æ–º–∏—á–µ—Å–∫–∏–µ –∞
                                                  —Å–ø–µ–∫—Ç—ã –ø—Ä–æ–µ–∫—Ç–...

You may provide a definition with
\DeclareUnicodeCharacter 


! LaTeX Error: Unicode character —Å (U+0441)
               not set up for use with LaTeX.

See the LaTeX manual or LaTeX Companion for explanation.
Type  H <return>  for immediate help.
 ...                                              
                                                  
l.4 ...ø–∏—Å–∞–Ω—ã —ç–∫–æ–Ω–æ–º–∏—á–µ—Å–∫–∏–µ –∞—Å
                                                  –ø–µ–∫—Ç—ã –ø—Ä–æ–µ–∫—Ç–∞ ...

You may provide a definition with
\DeclareUnicodeCharacter 


! LaTeX Error: Unicode character –ø (U+043F)
               not set up for use with LaTeX.

See the LaTeX manual or LaTeX Companion for explanation.
Type  H <return>  for immediate help.
 ...                                              
                                                  
l.4 ...∏—Å–∞–Ω—ã —ç–∫–æ–Ω–æ–º–∏—á–µ—Å–∫–∏–µ –∞—Å–ø
                                                  –µ–∫—Ç—ã –ø—Ä–æ–µ–∫—Ç–∞ –ø...

You may provide a definition with
\DeclareUnicodeCharacter 


! LaTeX Error: Unicode character –µ (U+0435)
               not set up for use with LaTeX.

See the LaTeX manual or LaTeX Companion for explanation.
Type  H <return>  for immediate help.
 ...                                              
                                                  
l.4 ...Å–∞–Ω—ã —ç–∫–æ–Ω–æ–º–∏—á–µ—Å–∫–∏–µ –∞—Å–ø–µ
                                                  –∫—Ç—ã –ø—Ä–æ–µ–∫—Ç–∞ –ø–æ...

You may provide a definition with
\DeclareUnicodeCharacter 


! LaTeX Error: Unicode character –∫ (U+043A)
               not set up for use with LaTeX.

See the LaTeX manual or LaTeX Companion for explanation.
Type  H <return>  for immediate help.
 ...                                              
                                                  
l.4 ...∞–Ω—ã —ç–∫–æ–Ω–æ–º–∏—á–µ—Å–∫–∏–µ –∞—Å–ø–µ–∫
                                                  —Ç—ã –ø—Ä–æ–µ–∫—Ç–∞ –ø–æ —...

You may provide a definition with
\DeclareUnicodeCharacter 


! LaTeX Error: Unicode character —Ç (U+0442)
               not set up for use with LaTeX.

See the LaTeX manual or LaTeX Companion for explanation.
Type  H <return>  for immediate help.
 ...                                              
                                                  
l.4 ...Ω—ã —ç–∫–æ–Ω–æ–º–∏—á–µ—Å–∫–∏–µ –∞—Å–ø–µ–∫—Ç
                                                  —ã –ø—Ä–æ–µ–∫—Ç–∞ –ø–æ —Å–...

You may provide a definition with
\DeclareUnicodeCharacter 


! LaTeX Error: Unicode character —ã (U+044B)
               not set up for use with LaTeX.

See the LaTeX manual or LaTeX Companion for explanation.
Type  H <return>  for immediate help.
 ...                                              
                                                  
l.4 ...ã —ç–∫–æ–Ω–æ–º–∏—á–µ—Å–∫–∏–µ –∞—Å–ø–µ–∫—Ç—ã
                                                   –ø—Ä–æ–µ–∫—Ç–∞ –ø–æ —Å–æ–...

You may provide a definition with
\DeclareUnicodeCharacter 


! LaTeX Error: Unicode character –ø (U+043F)
               not set up for use with LaTeX.

See the LaTeX manual or LaTeX Companion for explanation.
Type  H <return>  for immediate help.
 ...                                              
                                                  
l.4 ...ç–∫–æ–Ω–æ–º–∏—á–µ—Å–∫–∏–µ –∞—Å–ø–µ–∫—Ç—ã –ø
                                                  —Ä–æ–µ–∫—Ç–∞ –ø–æ —Å–æ–∑–¥...

You may provide a definition with
\DeclareUnicodeCharacter 


! LaTeX Error: Unicode character —Ä (U+0440)
               not set up for use with LaTeX.

See the LaTeX manual or LaTeX Companion for explanation.
Type  H <return>  for immediate help.
 ...                                              
                                                  
l.4 ...∫–æ–Ω–æ–º–∏—á–µ—Å–∫–∏–µ –∞—Å–ø–µ–∫—Ç—ã –ø—Ä
                                                  –æ–µ–∫—Ç–∞ –ø–æ —Å–æ–∑–¥–∞...

You may provide a definition with
\DeclareUnicodeCharacter 


! LaTeX Error: Unicode character –æ (U+043E)
               not set up for use with LaTeX.

See the LaTeX manual or LaTeX Companion for explanation.
Type  H <return>  for immediate help.
 ...                                              
                                                  
l.4 ...æ–Ω–æ–º–∏—á–µ—Å–∫–∏–µ –∞—Å–ø–µ–∫—Ç—ã –ø—Ä–æ
                                                  –µ–∫—Ç–∞ –ø–æ —Å–æ–∑–¥–∞–Ω...

You may provide a definition with
\DeclareUnicodeCharacter 


! LaTeX Error: Unicode character –µ (U+0435)
               not set up for use with LaTeX.

See the LaTeX manual or LaTeX Companion for explanation.
Type  H <return>  for immediate help.
 ...                                              
                                                  
l.4 ...Ω–æ–º–∏—á–µ—Å–∫–∏–µ –∞—Å–ø–µ–∫—Ç—ã –ø—Ä–æ–µ
                                                  –∫—Ç–∞ –ø–æ —Å–æ–∑–¥–∞–Ω–∏...

You may provide a definition with
\DeclareUnicodeCharacter 


! LaTeX Error: Unicode character –∫ (U+043A)
               not set up for use with LaTeX.

See the LaTeX manual or LaTeX Companion for explanation.
Type  H <return>  for immediate help.
 ...                                              
                                                  
l.4 ...æ–º–∏—á–µ—Å–∫–∏–µ –∞—Å–ø–µ–∫—Ç—ã –ø—Ä–æ–µ–∫
                                                  —Ç–∞ –ø–æ —Å–æ–∑–¥–∞–Ω–∏—é...

You may provide a definition with
\DeclareUnicodeCharacter 


! LaTeX Error: Unicode character —Ç (U+0442)
               not set up for use with LaTeX.

See the LaTeX manual or LaTeX Companion for explanation.
Type  H <return>  for immediate help.
 ...                                              
                                                  
l.4 ...º–∏—á–µ—Å–∫–∏–µ –∞—Å–ø–µ–∫—Ç—ã –ø—Ä–æ–µ–∫—Ç
                                                  –∞ –ø–æ —Å–æ–∑–¥–∞–Ω–∏—é –...

You may provide a definition with
\DeclareUnicodeCharacter 


! LaTeX Error: Unicode character –∞ (U+0430)
               not set up for use with LaTeX.

See the LaTeX manual or LaTeX Companion for explanation.
Type  H <return>  for immediate help.
 ...                                              
                                                  
l.4 ...∏—á–µ—Å–∫–∏–µ –∞—Å–ø–µ–∫—Ç—ã –ø—Ä–æ–µ–∫—Ç–∞
                                                   –ø–æ —Å–æ–∑–¥–∞–Ω–∏—é –ü–...

You may provide a definition with
\DeclareUnicodeCharacter 


! LaTeX Error: Unicode character –ø (U+043F)
               not set up for use with LaTeX.

See the LaTeX manual or LaTeX Companion for explanation.
Type  H <return>  for immediate help.
 ...                                              
                                                  
l.4 ...–µ—Å–∫–∏–µ –∞—Å–ø–µ–∫—Ç—ã –ø—Ä–æ–µ–∫—Ç–∞ –ø
                                                  –æ —Å–æ–∑–¥–∞–Ω–∏—é –ü–û <...

You may provide a definition with
\DeclareUnicodeCharacter 


! LaTeX Error: Unicode character –æ (U+043E)
               not set up for use with LaTeX.

See the LaTeX manual or LaTeX Companion for explanation.
Type  H <return>  for immediate help.
 ...                                              
                                                  
l.4 ...—Å–∫–∏–µ –∞—Å–ø–µ–∫—Ç—ã –ø—Ä–æ–µ–∫—Ç–∞ –ø–æ
                                                   —Å–æ–∑–¥–∞–Ω–∏—é –ü–û <<P...

You may provide a definition with
\DeclareUnicodeCharacter 


! LaTeX Error: Unicode character —Å (U+0441)
               not set up for use with LaTeX.

See the LaTeX manual or LaTeX Companion for explanation.
Type  H <return>  for immediate help.
 ...                                              
                                                  
l.4 ...∫–∏–µ –∞—Å–ø–µ–∫—Ç—ã –ø—Ä–æ–µ–∫—Ç–∞ –ø–æ —Å
                                                  –æ–∑–¥–∞–Ω–∏—é –ü–û <<Prim...

You may provide a definition with
\DeclareUnicodeCharacter 


! LaTeX Error: Unicode character –æ (U+043E)
               not set up for use with LaTeX.

See the LaTeX manual or LaTeX Companion for explanation.
Type  H <return>  for immediate help.
 ...                                              
                                                  
l.4 ...∏–µ –∞—Å–ø–µ–∫—Ç—ã –ø—Ä–æ–µ–∫—Ç–∞ –ø–æ —Å–æ
                                                  –∑–¥–∞–Ω–∏—é –ü–û <<Primiv...

You may provide a definition with
\DeclareUnicodeCharacter 


! LaTeX Error: Unicode character –∑ (U+0437)
               not set up for use with LaTeX.

See the LaTeX manual or LaTeX Companion for explanation.
Type  H <return>  for immediate help.
 ...                                              
                                                  
l.4 ...µ –∞—Å–ø–µ–∫—Ç—ã –ø—Ä–æ–µ–∫—Ç–∞ –ø–æ —Å–æ–∑
                                                  –¥–∞–Ω–∏—é –ü–û <<Primivie...

You may provide a definition with
\DeclareUnicodeCharacter 


! LaTeX Error: Unicode character –¥ (U+0434)
               not set up for use with LaTeX.

See the LaTeX manual or LaTeX Companion for explanation.
Type  H <return>  for immediate help.
 ...                                              
                                                  
l.4 ...–∞—Å–ø–µ–∫—Ç—ã –ø—Ä–æ–µ–∫—Ç–∞ –ø–æ —Å–æ–∑–¥
                                                  –∞–Ω–∏—é –ü–û <<Primiview>...

You may provide a definition with
\DeclareUnicodeCharacter 


! LaTeX Error: Unicode character –∞ (U+0430)
               not set up for use with LaTeX.

See the LaTeX manual or LaTeX Companion for explanation.
Type  H <return>  for immediate help.
 ...                                              
                                                  
l.4 ...—Å–ø–µ–∫—Ç—ã –ø—Ä–æ–µ–∫—Ç–∞ –ø–æ —Å–æ–∑–¥–∞
                                                  –Ω–∏—é –ü–û <<Primiview>> ...
(That makes 100 errors; please try again.) 
Here is how much of TeX's memory you used:
 39 strings out of 476047
 688 string characters out of 5794246
 1850242 words of memory out of 5000000
 20569 multiletter control sequences out of 15000+600000
 512287 words of font info for 32 fonts, out of 8000000 for 9000
 1141 hyphenation exceptions out of 8191
 13i,0n,12p,297b,33s stack positions out of 10000i,1000n,20000p,200000b,200000s

!  ==> Fatal error occurred, no output PDF file produced!
